EDA Netlist Writer report for lab4_adders_toplevel
Tue Sep 19 09:54:56 2017
Quartus II 64-Bit Version 15.0.0 Build 145 04/22/2015 SJ Web Edition


---------------------
; Table of Contents ;
---------------------
  1. Legal Notice
  2. EDA Netlist Writer Summary
  3. Simulation Settings
  4. Simulation Generated Files
  5. EDA Netlist Writer Messages



----------------
; Legal Notice ;
----------------
Copyright (C) 1991-2015 Altera Corporation. All rights reserved.
Your use of Altera Corporation's design tools, logic functions 
and other software and tools, and its AMPP partner logic 
functions, and any output files from any of the foregoing 
(including device programming or simulation files), and any 
associated documentation or information are expressly subject 
to the terms and conditions of the Altera Program License 
Subscription Agreement, the Altera Quartus II License Agreement,
the Altera MegaCore Function License Agreement, or other 
applicable license agreement, including, without limitation, 
that your use is for the sole purpose of programming logic 
devices manufactured by Altera and sold by Altera or its 
authorized distributors.  Please refer to the applicable 
agreement for further details.



+-------------------------------------------------------------------+
; EDA Netlist Writer Summary                                        ;
+---------------------------+---------------------------------------+
; EDA Netlist Writer Status ; Successful - Tue Sep 19 09:54:56 2017 ;
; Revision Name             ; lab4_adders_toplevel                  ;
; Top-level Entity Name     ; lab4_adders_toplevel                  ;
; Family                    ; Cyclone IV E                          ;
; Simulation Files Creation ; Successful                            ;
+---------------------------+---------------------------------------+


+-------------------------------------------------------------------------------------------------------------------------------------+
; Simulation Settings                                                                                                                 ;
+---------------------------------------------------------------------------------------------------+---------------------------------+
; Option                                                                                            ; Setting                         ;
+---------------------------------------------------------------------------------------------------+---------------------------------+
; Tool Name                                                                                         ; ModelSim-Altera (SystemVerilog) ;
; Generate netlist for functional simulation only                                                   ; Off                             ;
; Time scale                                                                                        ; 1 ps                            ;
; Truncate long hierarchy paths                                                                     ; Off                             ;
; Map illegal HDL characters                                                                        ; Off                             ;
; Flatten buses into individual nodes                                                               ; Off                             ;
; Maintain hierarchy                                                                                ; Off                             ;
; Bring out device-wide set/reset signals as ports                                                  ; Off                             ;
; Enable glitch filtering                                                                           ; Off                             ;
; Do not write top level VHDL entity                                                                ; Off                             ;
; Disable detection of setup and hold time violations in the input registers of bi-directional pins ; Off                             ;
; Architecture name in VHDL output netlist                                                          ; structure                       ;
; Generate third-party EDA tool command script for RTL functional simulation                        ; Off                             ;
; Generate third-party EDA tool command script for gate-level simulation                            ; Off                             ;
+---------------------------------------------------------------------------------------------------+---------------------------------+


+----------------------------------------------------------------------------------------------------------------------------------------------------------+
; Simulation Generated Files                                                                                                                               ;
+----------------------------------------------------------------------------------------------------------------------------------------------------------+
; Generated Files                                                                                                                                          ;
+----------------------------------------------------------------------------------------------------------------------------------------------------------+
; C:/ECE 385 - tchia2 -shung5/Stuff_FA17-master/Stuff_FA17-master/ece385sp16_lab4_adders/simulation/modelsim/lab4_adders_toplevel_7_1200mv_85c_slow.svo    ;
; C:/ECE 385 - tchia2 -shung5/Stuff_FA17-master/Stuff_FA17-master/ece385sp16_lab4_adders/simulation/modelsim/lab4_adders_toplevel_7_1200mv_0c_slow.svo     ;
; C:/ECE 385 - tchia2 -shung5/Stuff_FA17-master/Stuff_FA17-master/ece385sp16_lab4_adders/simulation/modelsim/lab4_adders_toplevel_min_1200mv_0c_fast.svo   ;
; C:/ECE 385 - tchia2 -shung5/Stuff_FA17-master/Stuff_FA17-master/ece385sp16_lab4_adders/simulation/modelsim/lab4_adders_toplevel.svo                      ;
; C:/ECE 385 - tchia2 -shung5/Stuff_FA17-master/Stuff_FA17-master/ece385sp16_lab4_adders/simulation/modelsim/lab4_adders_toplevel_7_1200mv_85c_v_slow.sdo  ;
; C:/ECE 385 - tchia2 -shung5/Stuff_FA17-master/Stuff_FA17-master/ece385sp16_lab4_adders/simulation/modelsim/lab4_adders_toplevel_7_1200mv_0c_v_slow.sdo   ;
; C:/ECE 385 - tchia2 -shung5/Stuff_FA17-master/Stuff_FA17-master/ece385sp16_lab4_adders/simulation/modelsim/lab4_adders_toplevel_min_1200mv_0c_v_fast.sdo ;
; C:/ECE 385 - tchia2 -shung5/Stuff_FA17-master/Stuff_FA17-master/ece385sp16_lab4_adders/simulation/modelsim/lab4_adders_toplevel_v.sdo                    ;
+----------------------------------------------------------------------------------------------------------------------------------------------------------+


+-----------------------------+
; EDA Netlist Writer Messages ;
+-----------------------------+
Info: *******************************************************************
Info: Running Quartus II 64-Bit EDA Netlist Writer
    Info: Version 15.0.0 Build 145 04/22/2015 SJ Web Edition
    Info: Processing started: Tue Sep 19 09:54:55 2017
Info: Command: quartus_eda --read_settings_files=off --write_settings_files=off lab4_adders_toplevel -c lab4_adders_toplevel
Info (204019): Generated file lab4_adders_toplevel_7_1200mv_85c_slow.svo in folder "C:/ECE 385 - tchia2 -shung5/Stuff_FA17-master/Stuff_FA17-master/ece385sp16_lab4_adders/simulation/modelsim/" for EDA simulation tool
Info (204019): Generated file lab4_adders_toplevel_7_1200mv_0c_slow.svo in folder "C:/ECE 385 - tchia2 -shung5/Stuff_FA17-master/Stuff_FA17-master/ece385sp16_lab4_adders/simulation/modelsim/" for EDA simulation tool
Info (204019): Generated file lab4_adders_toplevel_min_1200mv_0c_fast.svo in folder "C:/ECE 385 - tchia2 -shung5/Stuff_FA17-master/Stuff_FA17-master/ece385sp16_lab4_adders/simulation/modelsim/" for EDA simulation tool
Info (204019): Generated file lab4_adders_toplevel.svo in folder "C:/ECE 385 - tchia2 -shung5/Stuff_FA17-master/Stuff_FA17-master/ece385sp16_lab4_adders/simulation/modelsim/" for EDA simulation tool
Info (204019): Generated file lab4_adders_toplevel_7_1200mv_85c_v_slow.sdo in folder "C:/ECE 385 - tchia2 -shung5/Stuff_FA17-master/Stuff_FA17-master/ece385sp16_lab4_adders/simulation/modelsim/" for EDA simulation tool
Info (204019): Generated file lab4_adders_toplevel_7_1200mv_0c_v_slow.sdo in folder "C:/ECE 385 - tchia2 -shung5/Stuff_FA17-master/Stuff_FA17-master/ece385sp16_lab4_adders/simulation/modelsim/" for EDA simulation tool
Info (204019): Generated file lab4_adders_toplevel_min_1200mv_0c_v_fast.sdo in folder "C:/ECE 385 - tchia2 -shung5/Stuff_FA17-master/Stuff_FA17-master/ece385sp16_lab4_adders/simulation/modelsim/" for EDA simulation tool
Info (204019): Generated file lab4_adders_toplevel_v.sdo in folder "C:/ECE 385 - tchia2 -shung5/Stuff_FA17-master/Stuff_FA17-master/ece385sp16_lab4_adders/simulation/modelsim/" for EDA simulation tool
Info: Quartus II 64-Bit EDA Netlist Writer was successful. 0 errors, 0 warnings
    Info: Peak virtual memory: 583 megabytes
    Info: Processing ended: Tue Sep 19 09:54:56 2017
    Info: Elapsed time: 00:00:01
    Info: Total CPU time (on all processors): 00:00:01


